21:02:51 **** Incremental Build of configuration x86_64-debug for project des_controller ****
make -j7 all 
qcc -Vgcc_ntox86_64 -c -Wp,-MMD,build/x86_64-debug/src/des_controller.d,-MT,build/x86_64-debug/src/des_controller.o -o build/x86_64-debug/src/des_controller.o  -Wall -fmessage-length=0 -g -O0 -fno-builtin  src/des_controller.c
src/des_controller.c: In function 'unlock_state':
src/des_controller.c:64:22: warning: assignment makes integer from pointer without a cast [-Wint-conversion]
  display->outMessage = NULL;
                      ^
src/des_controller.c: In function 'open_state':
src/des_controller.c:82:22: warning: assignment makes integer from pointer without a cast [-Wint-conversion]
  display->outMessage = NULL;
                      ^
src/des_controller.c: In function 'lock_state':
src/des_controller.c:96:22: warning: assignment makes integer from pointer without a cast [-Wint-conversion]
  display->outMessage = NULL;
                      ^
src/des_controller.c: In function 'close_state':
src/des_controller.c:109:22: warning: assignment makes integer from pointer without a cast [-Wint-conversion]
  display->outMessage = NULL;
                      ^
src/des_controller.c: In function 'main':
src/des_controller.c:127:9: warning: passing argument 1 of 'printf' makes pointer from integer without a cast [-Wint-conversion]
  printf(SCAN_STATE);
         ^
In file included from src/des_controller.c:1:0:
/Users/sydney/qnx700/target/qnx7/usr/include/stdio.h:176:12: note: expected 'const char *' but argument is of type 'int'
 extern int printf(const char *__format, ...);
            ^
src/des_controller.c: In function 'exit_state':
src/des_controller.c:116:1: warning: control reaches end of non-void function [-Wreturn-type]
 }
 ^
qcc -Vgcc_ntox86_64 -o build/x86_64-debug/des_controller   build/x86_64-debug/src/des_controller.o  

21:02:51 Build Finished (took 193ms)

