16:09:45 **** Incremental Build of configuration x86_64-debug for project des_display ****
make -j7 all 
qcc -Vgcc_ntox86_64 -c -Wp,-MMD,build/x86_64-debug/src/des_display.d,-MT,build/x86_64-debug/src/des_display.o -o build/x86_64-debug/src/des_display.o  -Wall -fmessage-length=0 -g -O0 -fno-builtin  src/des_display.c
qcc -Vgcc_ntox86_64 -o build/x86_64-debug/des_display   build/x86_64-debug/src/des_display.o  
16:13:28 **** Incremental Build of configuration x86_64-debug for project des_controller ****
make -j7 all 
qcc -Vgcc_ntox86_64 -c -Wp,-MMD,build/x86_64-debug/src/des_controller.d,-MT,build/x86_64-debug/src/des_controller.o -o build/x86_64-debug/src/des_controller.o  -Wall -fmessage-length=0 -g -O0 -fno-builtin  src/des_controller.c
qcc -Vgcc_ntox86_64 -o build/x86_64-debug/des_controller   build/x86_64-debug/src/des_controller.o  
16:13:28 **** Incremental Build of configuration x86_64-debug for project des_display ****
make -j7 all 
make: Nothing to be done for 'all'.
16:13:29 **** Incremental Build of configuration x86_64-debug for project des_inputs ****
make -j7 all 
make: Nothing to be done for 'all'.
16:13:53 **** Incremental Build of configuration x86_64-debug for project des_inputs ****
make -j7 all 
qcc -Vgcc_ntox86_64 -c -Wp,-MMD,build/x86_64-debug/src/des_inputs.d,-MT,build/x86_64-debug/src/des_inputs.o -o build/x86_64-debug/src/des_inputs.o  -Wall -fmessage-length=0 -g -O0 -fno-builtin  src/des_inputs.c
qcc -Vgcc_ntox86_64 -o build/x86_64-debug/des_inputs   build/x86_64-debug/src/des_inputs.o  
16:13:57 **** Incremental Build of configuration x86_64-debug for project des_controller ****
make -j7 all 
make: Nothing to be done for 'all'.
16:13:57 **** Incremental Build of configuration x86_64-debug for project des_display ****
make -j7 all 
make: Nothing to be done for 'all'.
16:13:57 **** Incremental Build of configuration x86_64-debug for project des_inputs ****
make -j7 all 
make: Nothing to be done for 'all'.
